<?xml version="1.0" encoding="UTF-8"?>
<coverage generated="1586827233332" clover="3.2.0">
  <project timestamp="1586827233332" name="All files">
    <metrics statements="12" coveredstatements="12" conditionals="9" coveredconditionals="5" methods="7" coveredmethods="7" elements="28" coveredelements="24" complexity="0" loc="12" ncloc="12" packages="1" files="2" classes="2"/>
    <file name="subtract.ts" path="C:\git\JSPractice\scripts\subtract.ts">
      <metrics statements="2" coveredstatements="2" conditionals="0" coveredconditionals="0" methods="1" coveredmethods="1"/>
      <line num="1" count="1" type="stmt"/>
      <line num="3" count="1" type="stmt"/>
    </file>
    <file name="sum.ts" path="C:\git\JSPractice\scripts\sum.ts">
      <metrics statements="10" coveredstatements="10" conditionals="9" coveredconditionals="5" methods="6" coveredmethods="6"/>
      <line num="1" count="12" type="cond" truecount="1" falsecount="1"/>
      <line num="2" count="15" type="stmt"/>
      <line num="5" count="2" type="cond" truecount="0" falsecount="2"/>
      <line num="6" count="1" type="cond" truecount="4" falsecount="1"/>
      <line num="8" count="1" type="stmt"/>
      <line num="9" count="1" type="stmt"/>
      <line num="10" count="1" type="stmt"/>
      <line num="11" count="1" type="stmt"/>
      <line num="12" count="1" type="stmt"/>
      <line num="16" count="1" type="stmt"/>
    </file>
  </project>
</coverage>
