{"C:\\git\\JSPractice\\scripts\\subtract.ts": {"path":"C:\\git\\JSPractice\\scripts\\subtract.ts","statementMap":{"0":{"start":{"line":1,"column":0},"end":{"line":1,"column":27}},"1":{"start":{"line":3,"column":13},"end":{"line":3,"column":null}},"2":{"start":{"line":3,"column":58},"end":{"line":3,"column":70}}},"fnMap":{"0":{"name":"(anonymous_0)","decl":{"start":{"line":3,"column":24},"end":{"line":3,"column":25}},"loc":{"start":{"line":3,"column":58},"end":{"line":3,"column":70}}}},"branchMap":{},"s":{"0":1,"1":1,"2":1},"f":{"0":1},"b":{}}
,"C:\\git\\JSPractice\\scripts\\sum.ts": {"path":"C:\\git\\JSPractice\\scripts\\sum.ts","statementMap":{"0":{"start":{"line":1,"column":13},"end":{"line":3,"column":null}},"1":{"start":{"line":1,"column":44},"end":{"line":1,"column":45}},"2":{"start":{"line":2,"column":2},"end":{"line":2,"column":null}},"3":{"start":{"line":2,"column":38},"end":{"line":2,"column":53}},"4":{"start":{"line":5,"column":13},"end":{"line":17,"column":null}},"5":{"start":{"line":5,"column":43},"end":{"line":17,"column":1}},"6":{"start":{"line":6,"column":2},"end":{"line":6,"column":null}},"7":{"start":{"line":6,"column":52},"end":{"line":6,"column":null}},"8":{"start":{"line":8,"column":16},"end":{"line":8,"column":39}},"9":{"start":{"line":9,"column":20},"end":{"line":9,"column":40}},"10":{"start":{"line":10,"column":19},"end":{"line":10,"column":29}},"11":{"start":{"line":11,"column":23},"end":{"line":13,"column":null}},"12":{"start":{"line":12,"column":26},"end":{"line":12,"column":74}},"13":{"start":{"line":16,"column":2},"end":{"line":16,"column":null}}},"fnMap":{"0":{"name":"(anonymous_0)","decl":{"start":{"line":1,"column":19},"end":{"line":1,"column":20}},"loc":{"start":{"line":1,"column":49},"end":{"line":3,"column":1}}},"1":{"name":"(anonymous_1)","decl":{"start":{"line":1,"column":37},"end":{"line":1,"column":38}},"loc":{"start":{"line":1,"column":44},"end":{"line":1,"column":45}}},"2":{"name":"(anonymous_2)","decl":{"start":{"line":2,"column":22},"end":{"line":2,"column":23}},"loc":{"start":{"line":2,"column":38},"end":{"line":2,"column":53}}},"3":{"name":"(anonymous_3)","decl":{"start":{"line":5,"column":25},"end":{"line":5,"column":26}},"loc":{"start":{"line":5,"column":43},"end":{"line":17,"column":1}}},"4":{"name":"(anonymous_4)","decl":{"start":{"line":5,"column":43},"end":{"line":5,"column":44}},"loc":{"start":{"line":5,"column":57},"end":{"line":17,"column":1}}},"5":{"name":"(anonymous_5)","decl":{"start":{"line":12,"column":4},"end":{"line":12,"column":5}},"loc":{"start":{"line":12,"column":26},"end":{"line":12,"column":74}}}},"branchMap":{"0":{"loc":{"start":{"line":1,"column":28},"end":{"line":1,"column":30}},"type":"default-arg","locations":[{"start":{"line":1,"column":28},"end":{"line":1,"column":30}}]},"1":{"loc":{"start":{"line":1,"column":37},"end":{"line":1,"column":45}},"type":"default-arg","locations":[{"start":{"line":1,"column":37},"end":{"line":1,"column":45}}]},"2":{"loc":{"start":{"line":5,"column":36},"end":{"line":5,"column":38}},"type":"default-arg","locations":[{"start":{"line":5,"column":36},"end":{"line":5,"column":38}}]},"3":{"loc":{"start":{"line":5,"column":52},"end":{"line":5,"column":53}},"type":"default-arg","locations":[{"start":{"line":5,"column":52},"end":{"line":5,"column":53}}]},"4":{"loc":{"start":{"line":6,"column":2},"end":{"line":6,"column":null}},"type":"if","locations":[{"start":{"line":6,"column":2},"end":{"line":6,"column":null}},{"start":{"line":6,"column":2},"end":{"line":6,"column":null}}]},"5":{"loc":{"start":{"line":6,"column":6},"end":{"line":6,"column":14}},"type":"binary-expr","locations":[{"start":{"line":6,"column":6},"end":{"line":6,"column":14}},{"start":{"line":6,"column":18},"end":{"line":6,"column":24}},{"start":{"line":6,"column":28},"end":{"line":6,"column":50}}]}},"s":{"0":2,"1":12,"2":4,"3":15,"4":2,"5":1,"6":1,"7":0,"8":1,"9":1,"10":1,"11":1,"12":1,"13":1},"f":{"0":4,"1":12,"2":15,"3":1,"4":1,"5":1},"b":{"0":[0],"1":[3],"2":[0],"3":[0],"4":[0,1],"5":[1,1,1]}}
}
