TN:
SF:scripts\subtract.ts
FN:3,(anonymous_0)
FNF:1
FNH:1
FNDA:1,(anonymous_0)
DA:1,1
DA:3,1
LF:2
LH:2
BRF:0
BRH:0
end_of_record
TN:
SF:scripts\sum.ts
FN:1,(anonymous_0)
FN:1,(anonymous_1)
FN:2,(anonymous_2)
FN:5,(anonymous_3)
FN:5,(anonymous_4)
FN:12,(anonymous_5)
FNF:6
FNH:6
FNDA:4,(anonymous_0)
FNDA:12,(anonymous_1)
FNDA:15,(anonymous_2)
FNDA:1,(anonymous_3)
FNDA:1,(anonymous_4)
FNDA:1,(anonymous_5)
DA:1,12
DA:2,15
DA:5,2
DA:6,1
DA:8,1
DA:9,1
DA:10,1
DA:11,1
DA:12,1
DA:16,1
LF:10
LH:10
BRDA:1,0,0,0
BRDA:1,1,0,3
BRDA:5,2,0,0
BRDA:5,3,0,0
BRDA:6,4,0,0
BRDA:6,4,1,1
BRDA:6,5,0,1
BRDA:6,5,1,1
BRDA:6,5,2,1
BRF:9
BRH:5
end_of_record
